Library/Bee/Android/Prj/Mono2x/Gradle/launcher/build/intermediates/manifest_merge_blame_file/release/manifest-merger-blame-release-report.txt
1<?xml version="1.0" encoding="utf-8"?>
2<manifest xmlns:android="http://schemas.android.com/apk/res/android"
3    package="com.Almarai.Almarai"
4    android:installLocation="preferExternal"
5    android:versionCode="1"
6    android:versionName="1" >
7
8    <uses-sdk
9        android:minSdkVersion="22"
9-->src/main/AndroidManifest.xml
10        android:targetSdkVersion="35" />
10-->src/main/AndroidManifest.xml
11
12    <supports-screens
12-->src/main/AndroidManifest.xml:4:3-163
13        android:anyDensity="true"
13-->src/main/AndroidManifest.xml:4:135-160
14        android:largeScreens="true"
14-->src/main/AndroidManifest.xml:4:78-105
15        android:normalScreens="true"
15-->src/main/AndroidManifest.xml:4:49-77
16        android:smallScreens="true"
16-->src/main/AndroidManifest.xml:4:21-48
17        android:xlargeScreens="true" />
17-->src/main/AndroidManifest.xml:4:106-134
18
19    <uses-feature android:glEsVersion="0x00030000" />
19-->[:unityLibrary] AndroidManifest.xml:8:5-54
19-->[:unityLibrary] AndroidManifest.xml:8:19-51
20    <uses-feature
20-->[:unityLibrary] AndroidManifest.xml:9:5-11:36
21        android:name="android.hardware.vulkan.version"
21-->[:unityLibrary] AndroidManifest.xml:10:9-55
22        android:required="false" />
22-->[:unityLibrary] AndroidManifest.xml:11:9-33
23    <uses-feature
23-->[:unityLibrary] AndroidManifest.xml:12:5-14:36
24        android:name="android.hardware.touchscreen"
24-->[:unityLibrary] AndroidManifest.xml:13:9-52
25        android:required="false" />
25-->[:unityLibrary] AndroidManifest.xml:14:9-33
26    <uses-feature
26-->[:unityLibrary] AndroidManifest.xml:15:5-17:36
27        android:name="android.hardware.touchscreen.multitouch"
27-->[:unityLibrary] AndroidManifest.xml:16:9-63
28        android:required="false" />
28-->[:unityLibrary] AndroidManifest.xml:17:9-33
29    <uses-feature
29-->[:unityLibrary] AndroidManifest.xml:18:5-20:36
30        android:name="android.hardware.touchscreen.multitouch.distinct"
30-->[:unityLibrary] AndroidManifest.xml:19:9-72
31        android:required="false" />
31-->[:unityLibrary] AndroidManifest.xml:20:9-33
32
33    <application
33-->src/main/AndroidManifest.xml:3:3-83
34        android:extractNativeLibs="true"
34-->[:unityLibrary] AndroidManifest.xml:22:18-50
35        android:icon="@mipmap/app_icon"
35-->src/main/AndroidManifest.xml:3:49-80
36        android:label="@string/app_name" >
36-->src/main/AndroidManifest.xml:3:16-48
37        <meta-data
37-->[:unityLibrary] AndroidManifest.xml:23:9-25:33
38            android:name="unity.splash-mode"
38-->[:unityLibrary] AndroidManifest.xml:24:13-45
39            android:value="0" />
39-->[:unityLibrary] AndroidManifest.xml:25:13-30
40        <meta-data
40-->[:unityLibrary] AndroidManifest.xml:26:9-28:36
41            android:name="unity.splash-enable"
41-->[:unityLibrary] AndroidManifest.xml:27:13-47
42            android:value="True" />
42-->[:unityLibrary] AndroidManifest.xml:28:13-33
43        <meta-data
43-->[:unityLibrary] AndroidManifest.xml:29:9-31:36
44            android:name="unity.launch-fullscreen"
44-->[:unityLibrary] AndroidManifest.xml:30:13-51
45            android:value="True" />
45-->[:unityLibrary] AndroidManifest.xml:31:13-33
46        <meta-data
46-->[:unityLibrary] AndroidManifest.xml:32:9-34:36
47            android:name="android.max_aspect"
47-->[:unityLibrary] AndroidManifest.xml:33:13-46
48            android:value="1.86" />
48-->[:unityLibrary] AndroidManifest.xml:34:13-33
49        <meta-data
49-->[:unityLibrary] AndroidManifest.xml:35:9-37:37
50            android:name="unity.render-outside-safearea"
50-->[:unityLibrary] AndroidManifest.xml:36:13-57
51            android:value="False" />
51-->[:unityLibrary] AndroidManifest.xml:37:13-34
52        <meta-data
52-->[:unityLibrary] AndroidManifest.xml:38:9-40:36
53            android:name="unity.auto-report-fully-drawn"
53-->[:unityLibrary] AndroidManifest.xml:39:13-57
54            android:value="true" />
54-->[:unityLibrary] AndroidManifest.xml:40:13-33
55
56        <activity
56-->[:unityLibrary] AndroidManifest.xml:42:9-61:20
57            android:name="com.unity3d.player.UnityPlayerActivity"
57-->[:unityLibrary] AndroidManifest.xml:43:13-66
58            android:configChanges="mcc|mnc|locale|touchscreen|keyboard|keyboardHidden|navigation|orientation|screenLayout|uiMode|screenSize|smallestScreenSize|fontScale|layoutDirection|density"
58-->[:unityLibrary] AndroidManifest.xml:44:13-194
59            android:exported="true"
59-->[:unityLibrary] AndroidManifest.xml:45:13-36
60            android:hardwareAccelerated="false"
60-->[:unityLibrary] AndroidManifest.xml:46:13-48
61            android:launchMode="singleTask"
61-->[:unityLibrary] AndroidManifest.xml:47:13-44
62            android:maxAspectRatio="1.86"
62-->[:unityLibrary] AndroidManifest.xml:48:13-42
63            android:resizeableActivity="false"
63-->[:unityLibrary] AndroidManifest.xml:49:13-47
64            android:screenOrientation="landscape"
64-->[:unityLibrary] AndroidManifest.xml:50:13-50
65            android:theme="@style/UnityThemeSelector" >
65-->[:unityLibrary] AndroidManifest.xml:51:13-54
66            <intent-filter>
66-->[:unityLibrary] AndroidManifest.xml:52:13-56:29
67                <category android:name="android.intent.category.LAUNCHER" />
67-->[:unityLibrary] AndroidManifest.xml:53:17-77
67-->[:unityLibrary] AndroidManifest.xml:53:27-74
68
69                <action android:name="android.intent.action.MAIN" />
69-->[:unityLibrary] AndroidManifest.xml:55:17-69
69-->[:unityLibrary] AndroidManifest.xml:55:25-66
70            </intent-filter>
71
72            <meta-data
72-->[:unityLibrary] AndroidManifest.xml:58:13-60:40
73                android:name="unityplayer.UnityActivity"
73-->[:unityLibrary] AndroidManifest.xml:59:17-57
74                android:value="true" />
74-->[:unityLibrary] AndroidManifest.xml:60:17-37
75        </activity>
76    </application>
77
78</manifest>